# JRE version: OpenJDK Runtime Environment (21.0.4) (build 21.0.4+-12508038-b607.1)
# Java VM: OpenJDK 64-Bit Server VM (21.0.4+-12508038-b607.1, mixed mode, tiered, compressed oops, compressed class ptrs, g1 gc, windows-amd64)
GC Precious Log:
 CardTable entry size: 512
 Card Set container configuration: InlinePtr #cards 5 size 8 Array Of Cards #cards 12 size 40 Howl #buckets 4 coarsen threshold 1843 Howl Bitmap #cards 512 size 80 coarsen threshold 460 Card regions per heap region 1 cards per card region 2048
 CPUs: 22 total, 22 available
 Memory: 15866M
 Large Page Support: Disabled
 NUMA Support: Disabled
 Compressed Oops: Enabled (32-bit)
 Heap Region Size: 1M
 Heap Min Capacity: 8M
 Heap Initial Capacity: 248M
 Heap Max Capacity: 2G
 Pre-touch: Disabled
 Parallel Workers: 16
 Concurrent Workers: 4
 Concurrent Refinement Workers: 16
 Periodic GC: Disabled
Heap:
 garbage-first heap   total 333824K, used 205899K [0x0000000080000000, 0x0000000100000000)
  region size 1024K, 39 young (39936K), 16 survivors (16384K)
 Metaspace       used 142267K, committed 144512K, reserved 1179648K
  class space    used 18911K, committed 20032K, reserved 1048576K
GC Heap History (20 events):
Event: 16.710 GC heap before
{Heap before GC invocations=48 (full 0):
 garbage-first heap   total 317440K, used 255937K [0x0000000080000000, 0x0000000100000000)
  region size 1024K, 76 young (77824K), 11 survivors (11264K)
 Metaspace       used 124124K, committed 126272K, reserved 1179648K
  class space    used 16438K, committed 17536K, reserved 1048576K
}
Event: 16.713 GC heap after
{Heap after GC invocations=49 (full 0):
 garbage-first heap   total 317440K, used 193473K [0x0000000080000000, 0x0000000100000000)
  region size 1024K, 5 young (5120K), 5 survivors (5120K)
 Metaspace       used 124124K, committed 126272K, reserved 1179648K
  class space    used 16438K, committed 17536K, reserved 1048576K
}
Event: 16.870 GC heap before
{Heap before GC invocations=49 (full 0):
 garbage-first heap   total 317440K, used 291777K [0x0000000080000000, 0x0000000100000000)
  region size 1024K, 90 young (92160K), 5 survivors (5120K)
 Metaspace       used 124362K, committed 126528K, reserved 1179648K
  class space    used 16444K, committed 17536K, reserved 1048576K
}
Event: 16.872 GC heap after
{Heap after GC invocations=50 (full 0):
 garbage-first heap   total 317440K, used 182136K [0x0000000080000000, 0x0000000100000000)
  region size 1024K, 5 young (5120K), 5 survivors (5120K)
 Metaspace       used 124362K, committed 126528K, reserved 1179648K
  class space    used 16444K, committed 17536K, reserved 1048576K
}
Event: 16.877 GC heap before
{Heap before GC invocations=50 (full 0):
 garbage-first heap   total 317440K, used 183160K [0x0000000080000000, 0x0000000100000000)
  region size 1024K, 8 young (8192K), 5 survivors (5120K)
 Metaspace       used 124443K, committed 126592K, reserved 1179648K
  class space    used 16452K, committed 17536K, reserved 1048576K
}
Event: 16.879 GC heap after
{Heap after GC invocations=51 (full 0):
 garbage-first heap   total 317440K, used 182495K [0x0000000080000000, 0x0000000100000000)
  region size 1024K, 5 young (5120K), 5 survivors (5120K)
 Metaspace       used 124443K, committed 126592K, reserved 1179648K
  class space    used 16452K, committed 17536K, reserved 1048576K
}
Event: 17.342 GC heap before
{Heap before GC invocations=52 (full 0):
 garbage-first heap   total 317440K, used 305375K [0x0000000080000000, 0x0000000100000000)
  region size 1024K, 104 young (106496K), 5 survivors (5120K)
 Metaspace       used 124921K, committed 127168K, reserved 1179648K
  class space    used 16485K, committed 17600K, reserved 1048576K
}
Event: 17.346 GC heap after
{Heap after GC invocations=53 (full 0):
 garbage-first heap   total 317440K, used 172676K [0x0000000080000000, 0x0000000100000000)
  region size 1024K, 5 young (5120K), 5 survivors (5120K)
 Metaspace       used 124921K, committed 127168K, reserved 1179648K
  class space    used 16485K, committed 17600K, reserved 1048576K
}
Event: 18.087 GC heap before
{Heap before GC invocations=53 (full 0):
 garbage-first heap   total 317440K, used 303748K [0x0000000080000000, 0x0000000100000000)
  region size 1024K, 123 young (125952K), 5 survivors (5120K)
 Metaspace       used 125932K, committed 128128K, reserved 1179648K
  class space    used 16592K, committed 17728K, reserved 1048576K
}
Event: 18.091 GC heap after
{Heap after GC invocations=54 (full 0):
 garbage-first heap   total 317440K, used 152993K [0x0000000080000000, 0x0000000100000000)
  region size 1024K, 7 young (7168K), 7 survivors (7168K)
 Metaspace       used 125932K, committed 128128K, reserved 1179648K
  class space    used 16592K, committed 17728K, reserved 1048576K
}
Event: 18.584 GC heap before
{Heap before GC invocations=54 (full 0):
 garbage-first heap   total 317440K, used 286113K [0x0000000080000000, 0x0000000100000000)
  region size 1024K, 139 young (142336K), 7 survivors (7168K)
 Metaspace       used 128007K, committed 130304K, reserved 1179648K
  class space    used 16814K, committed 17984K, reserved 1048576K
}
Event: 18.591 GC heap after
{Heap after GC invocations=55 (full 0):
 garbage-first heap   total 317440K, used 161389K [0x0000000080000000, 0x0000000100000000)
  region size 1024K, 16 young (16384K), 16 survivors (16384K)
 Metaspace       used 128007K, committed 130304K, reserved 1179648K
  class space    used 16814K, committed 17984K, reserved 1048576K
}
Event: 19.072 GC heap before
{Heap before GC invocations=56 (full 0):
 garbage-first heap   total 317440K, used 309869K [0x0000000080000000, 0x0000000100000000)
  region size 1024K, 136 young (139264K), 16 survivors (16384K)
 Metaspace       used 130082K, committed 132352K, reserved 1179648K
  class space    used 17056K, committed 18240K, reserved 1048576K
}
Event: 19.079 GC heap after
{Heap after GC invocations=57 (full 0):
 garbage-first heap   total 333824K, used 192616K [0x0000000080000000, 0x0000000100000000)
  region size 1024K, 9 young (9216K), 9 survivors (9216K)
 Metaspace       used 130082K, committed 132352K, reserved 1179648K
  class space    used 17056K, committed 18240K, reserved 1048576K
}
Event: 19.741 GC heap before
{Heap before GC invocations=57 (full 0):
 garbage-first heap   total 333824K, used 311400K [0x0000000080000000, 0x0000000100000000)
  region size 1024K, 120 young (122880K), 9 survivors (9216K)
 Metaspace       used 133028K, committed 135296K, reserved 1179648K
  class space    used 17460K, committed 18624K, reserved 1048576K
}
Event: 19.747 GC heap after
{Heap after GC invocations=58 (full 0):
 garbage-first heap   total 333824K, used 175875K [0x0000000080000000, 0x0000000100000000)
  region size 1024K, 12 young (12288K), 12 survivors (12288K)
 Metaspace       used 133028K, committed 135296K, reserved 1179648K
  class space    used 17460K, committed 18624K, reserved 1048576K
}
Event: 20.184 GC heap before
{Heap before GC invocations=58 (full 0):
 garbage-first heap   total 333824K, used 301827K [0x0000000080000000, 0x0000000100000000)
  region size 1024K, 136 young (139264K), 12 survivors (12288K)
 Metaspace       used 136192K, committed 138432K, reserved 1179648K
  class space    used 17876K, committed 19008K, reserved 1048576K
}
Event: 20.189 GC heap after
{Heap after GC invocations=59 (full 0):
 garbage-first heap   total 333824K, used 185250K [0x0000000080000000, 0x0000000100000000)
  region size 1024K, 13 young (13312K), 13 survivors (13312K)
 Metaspace       used 136192K, committed 138432K, reserved 1179648K
  class space    used 17876K, committed 19008K, reserved 1048576K
}
Event: 20.507 GC heap before
{Heap before GC invocations=60 (full 0):
 garbage-first heap   total 333824K, used 289698K [0x0000000080000000, 0x0000000100000000)
  region size 1024K, 128 young (131072K), 13 survivors (13312K)
 Metaspace       used 139476K, committed 141760K, reserved 1179648K
  class space    used 18404K, committed 19584K, reserved 1048576K
}
Event: 20.514 GC heap after
{Heap after GC invocations=61 (full 0):
 garbage-first heap   total 333824K, used 184395K [0x0000000080000000, 0x0000000100000000)
  region size 1024K, 16 young (16384K), 16 survivors (16384K)
 Metaspace       used 139476K, committed 141760K, reserved 1179648K
  class space    used 18404K, committed 19584K, reserved 1048576K
}

