# JRE version: OpenJDK Runtime Environment (21.0.4) (build 21.0.4+-12508038-b607.1)
# Java VM: OpenJDK 64-Bit Server VM (21.0.4+-12508038-b607.1, mixed mode, tiered, compressed oops, compressed class ptrs, g1 gc, windows-amd64)
GC Precious Log:
 CardTable entry size: 512
 Card Set container configuration: InlinePtr #cards 5 size 8 Array Of Cards #cards 12 size 40 Howl #buckets 4 coarsen threshold 1843 Howl Bitmap #cards 512 size 80 coarsen threshold 460 Card regions per heap region 1 cards per card region 2048
 CPUs: 22 total, 22 available
 Memory: 15866M
 Large Page Support: Disabled
 NUMA Support: Disabled
 Compressed Oops: Enabled (32-bit)
 Heap Region Size: 1M
 Heap Min Capacity: 8M
 Heap Initial Capacity: 248M
 Heap Max Capacity: 2G
 Pre-touch: Disabled
 Parallel Workers: 16
 Concurrent Workers: 4
 Concurrent Refinement Workers: 16
 Periodic GC: Disabled
Heap:
 garbage-first heap   total 207872K, used 130328K [0x0000000080000000, 0x0000000100000000)
  region size 1024K, 5 young (5120K), 5 survivors (5120K)
 Metaspace       used 114799K, committed 116928K, reserved 1179648K
  class space    used 15587K, committed 16640K, reserved 1048576K
GC Heap History (20 events):
Event: 8.128 GC heap after
{Heap after GC invocations=33 (full 0):
 garbage-first heap   total 165888K, used 99414K [0x0000000080000000, 0x0000000100000000)
  region size 1024K, 6 young (6144K), 6 survivors (6144K)
 Metaspace       used 98669K, committed 100736K, reserved 1179648K
  class space    used 13395K, committed 14400K, reserved 1048576K
}
Event: 8.513 GC heap before
{Heap before GC invocations=33 (full 0):
 garbage-first heap   total 165888K, used 149590K [0x0000000080000000, 0x0000000100000000)
  region size 1024K, 55 young (56320K), 6 survivors (6144K)
 Metaspace       used 102255K, committed 104320K, reserved 1179648K
  class space    used 13905K, committed 14976K, reserved 1048576K
}
Event: 8.517 GC heap after
{Heap after GC invocations=34 (full 0):
 garbage-first heap   total 165888K, used 103190K [0x0000000080000000, 0x0000000100000000)
  region size 1024K, 7 young (7168K), 7 survivors (7168K)
 Metaspace       used 102255K, committed 104320K, reserved 1179648K
  class space    used 13905K, committed 14976K, reserved 1048576K
}
Event: 8.916 GC heap before
{Heap before GC invocations=35 (full 0):
 garbage-first heap   total 174080K, used 148246K [0x0000000080000000, 0x0000000100000000)
  region size 1024K, 51 young (52224K), 7 survivors (7168K)
 Metaspace       used 106487K, committed 108544K, reserved 1179648K
  class space    used 14526K, committed 15552K, reserved 1048576K
}
Event: 8.920 GC heap after
{Heap after GC invocations=36 (full 0):
 garbage-first heap   total 174080K, used 105351K [0x0000000080000000, 0x0000000100000000)
  region size 1024K, 6 young (6144K), 6 survivors (6144K)
 Metaspace       used 106487K, committed 108544K, reserved 1179648K
  class space    used 14526K, committed 15552K, reserved 1048576K
}
Event: 9.368 GC heap before
{Heap before GC invocations=36 (full 0):
 garbage-first heap   total 174080K, used 158599K [0x0000000080000000, 0x0000000100000000)
  region size 1024K, 58 young (59392K), 6 survivors (6144K)
 Metaspace       used 109414K, committed 111552K, reserved 1179648K
  class space    used 14953K, committed 16000K, reserved 1048576K
}
Event: 9.372 GC heap after
{Heap after GC invocations=37 (full 0):
 garbage-first heap   total 174080K, used 108657K [0x0000000080000000, 0x0000000100000000)
  region size 1024K, 7 young (7168K), 7 survivors (7168K)
 Metaspace       used 109414K, committed 111552K, reserved 1179648K
  class space    used 14953K, committed 16000K, reserved 1048576K
}
Event: 9.776 GC heap before
{Heap before GC invocations=37 (full 0):
 garbage-first heap   total 174080K, used 156785K [0x0000000080000000, 0x0000000100000000)
  region size 1024K, 54 young (55296K), 7 survivors (7168K)
 Metaspace       used 111161K, committed 113280K, reserved 1179648K
  class space    used 15211K, committed 16256K, reserved 1048576K
}
Event: 9.781 GC heap after
{Heap after GC invocations=38 (full 0):
 garbage-first heap   total 174080K, used 115693K [0x0000000080000000, 0x0000000100000000)
  region size 1024K, 7 young (7168K), 7 survivors (7168K)
 Metaspace       used 111161K, committed 113280K, reserved 1179648K
  class space    used 15211K, committed 16256K, reserved 1048576K
}
Event: 9.877 GC heap before
{Heap before GC invocations=39 (full 0):
 garbage-first heap   total 193536K, used 156653K [0x0000000080000000, 0x0000000100000000)
  region size 1024K, 47 young (48128K), 7 survivors (7168K)
 Metaspace       used 111168K, committed 113280K, reserved 1179648K
  class space    used 15212K, committed 16256K, reserved 1048576K
}
Event: 9.880 GC heap after
{Heap after GC invocations=40 (full 0):
 garbage-first heap   total 193536K, used 118261K [0x0000000080000000, 0x0000000100000000)
  region size 1024K, 5 young (5120K), 5 survivors (5120K)
 Metaspace       used 111168K, committed 113280K, reserved 1179648K
  class space    used 15212K, committed 16256K, reserved 1048576K
}
Event: 10.181 GC heap before
{Heap before GC invocations=40 (full 0):
 garbage-first heap   total 193536K, used 177653K [0x0000000080000000, 0x0000000100000000)
  region size 1024K, 63 young (64512K), 5 survivors (5120K)
 Metaspace       used 111599K, committed 113728K, reserved 1179648K
  class space    used 15289K, committed 16320K, reserved 1048576K
}
Event: 10.186 GC heap after
{Heap after GC invocations=41 (full 0):
 garbage-first heap   total 193536K, used 120327K [0x0000000080000000, 0x0000000100000000)
  region size 1024K, 8 young (8192K), 8 survivors (8192K)
 Metaspace       used 111599K, committed 113728K, reserved 1179648K
  class space    used 15289K, committed 16320K, reserved 1048576K
}
Event: 10.327 GC heap before
{Heap before GC invocations=41 (full 0):
 garbage-first heap   total 193536K, used 170503K [0x0000000080000000, 0x0000000100000000)
  region size 1024K, 59 young (60416K), 8 survivors (8192K)
 Metaspace       used 111655K, committed 113728K, reserved 1179648K
  class space    used 15291K, committed 16320K, reserved 1048576K
}
Event: 10.329 GC heap after
{Heap after GC invocations=42 (full 0):
 garbage-first heap   total 193536K, used 122229K [0x0000000080000000, 0x0000000100000000)
  region size 1024K, 5 young (5120K), 5 survivors (5120K)
 Metaspace       used 111655K, committed 113728K, reserved 1179648K
  class space    used 15291K, committed 16320K, reserved 1048576K
}
Event: 10.515 GC heap before
{Heap before GC invocations=43 (full 0):
 garbage-first heap   total 206848K, used 176501K [0x0000000080000000, 0x0000000100000000)
  region size 1024K, 58 young (59392K), 5 survivors (5120K)
 Metaspace       used 111781K, committed 113920K, reserved 1179648K
  class space    used 15303K, committed 16384K, reserved 1048576K
}
Event: 10.518 GC heap after
{Heap after GC invocations=44 (full 0):
 garbage-first heap   total 206848K, used 125644K [0x0000000080000000, 0x0000000100000000)
  region size 1024K, 6 young (6144K), 6 survivors (6144K)
 Metaspace       used 111781K, committed 113920K, reserved 1179648K
  class space    used 15303K, committed 16384K, reserved 1048576K
}
Event: 10.739 GC heap before
{Heap before GC invocations=44 (full 0):
 garbage-first heap   total 206848K, used 192204K [0x0000000080000000, 0x0000000100000000)
  region size 1024K, 67 young (68608K), 6 survivors (6144K)
 Metaspace       used 114029K, committed 116224K, reserved 1179648K
  class space    used 15494K, committed 16576K, reserved 1048576K
}
Event: 10.744 GC heap after
{Heap after GC invocations=45 (full 0):
 garbage-first heap   total 207872K, used 128909K [0x0000000080000000, 0x0000000100000000)
  region size 1024K, 8 young (8192K), 8 survivors (8192K)
 Metaspace       used 114029K, committed 116224K, reserved 1179648K
  class space    used 15494K, committed 16576K, reserved 1048576K
}
Event: 11.834 GC heap before
{Heap before GC invocations=45 (full 0):
 garbage-first heap   total 207872K, used 186253K [0x0000000080000000, 0x0000000100000000)
  region size 1024K, 65 young (66560K), 8 survivors (8192K)
 Metaspace       used 114799K, committed 116928K, reserved 1179648K
  class space    used 15587K, committed 16640K, reserved 1048576K
}

